
*** Running vivado
    with args -log SequenceDetector.vds -m64 -product Vivado -mode batch -messageDb vivado.pb -notrace -source SequenceDetector.tcl



****** Vivado v2024.2 (64-bit)
  **** SW Build 5239630 on Fri Nov 08 22:35:27 MST 2024
  **** IP Build 5239520 on Sun Nov 10 16:12:51 MST 2024
  **** SharedData Build 5239561 on Fri Nov 08 14:39:27 MST 2024
  **** Start of session at: Wed Dec 11 12:06:44 2024
    ** Copyright 1986-2022 Xilinx, Inc. All Rights Reserved.
    ** Copyright 2022-2024 Advanced Micro Devices, Inc. All Rights Reserved.

source SequenceDetector.tcl -notrace
Command: read_checkpoint -auto_incremental -incremental E:/BrunelUniversity/YR3/EmbeddedSystems/SequenceDetector/SequenceDetector.srcs/utils_1/imports/synth_1/SequenceDetector.dcp
INFO: [Vivado 12-5825] Read reference checkpoint from E:/BrunelUniversity/YR3/EmbeddedSystems/SequenceDetector/SequenceDetector.srcs/utils_1/imports/synth_1/SequenceDetector.dcp for incremental synthesis
INFO: [Vivado 12-7989] Please ensure there are no constraint changes
Command: synth_design -top SequenceDetector -part xc7a200tsbg484-1
Starting synth_design
Attempting to get a license for feature 'Synthesis' and/or device 'xc7a200t'
INFO: [Common 17-349] Got license for feature 'Synthesis' and/or device 'xc7a200t'
INFO: [Device 21-403] Loading part xc7a200tsbg484-1
INFO: [Designutils 20-5440] No compile time benefit to using incremental synthesis; A full resynthesis will be run
INFO: [Designutils 20-4379] Flow is switching to default flow due to incremental criteria not met. If you would like to alter this behaviour and have the flow terminate instead, please set the following parameter config_implementation {autoIncr.Synth.RejectBehavior Terminate}
INFO: [Synth 8-7079] Multithreading enabled for synth_design using a maximum of 2 processes.
INFO: [Synth 8-7078] Launching helper process for spawning children vivado processes
INFO: [Synth 8-7075] Helper process launched with PID 13732
---------------------------------------------------------------------------------
Starting RTL Elaboration : Time (s): cpu = 00:00:04 ; elapsed = 00:00:05 . Memory (MB): peak = 1078.719 ; gain = 471.598
---------------------------------------------------------------------------------
INFO: [Synth 8-638] synthesizing module 'SequenceDetector' [E:/BrunelUniversity/YR3/EmbeddedSystems/SequenceDetector/SequenceDetector.srcs/sources_1/new/SequenceDetector.vhd:16]
INFO: [Synth 8-3491] module 'ClockDivider' declared at 'E:/BrunelUniversity/YR3/EmbeddedSystems/SequenceDetector/SequenceDetector.srcs/sources_1/new/ClockDivider.vhd:5' bound to instance 'ClockDivider_inst' of component 'ClockDivider' [E:/BrunelUniversity/YR3/EmbeddedSystems/SequenceDetector/SequenceDetector.srcs/sources_1/new/SequenceDetector.vhd:36]
INFO: [Synth 8-638] synthesizing module 'ClockDivider' [E:/BrunelUniversity/YR3/EmbeddedSystems/SequenceDetector/SequenceDetector.srcs/sources_1/new/ClockDivider.vhd:12]
INFO: [Synth 8-256] done synthesizing module 'ClockDivider' (0#1) [E:/BrunelUniversity/YR3/EmbeddedSystems/SequenceDetector/SequenceDetector.srcs/sources_1/new/ClockDivider.vhd:12]
INFO: [Synth 8-3491] module 'Debouncer' declared at 'E:/BrunelUniversity/YR3/EmbeddedSystems/SequenceDetector/SequenceDetector.srcs/sources_1/new/Debouncer.vhd:5' bound to instance 'Debouncer_d' of component 'Debouncer' [E:/BrunelUniversity/YR3/EmbeddedSystems/SequenceDetector/SequenceDetector.srcs/sources_1/new/SequenceDetector.vhd:38]
INFO: [Synth 8-638] synthesizing module 'Debouncer' [E:/BrunelUniversity/YR3/EmbeddedSystems/SequenceDetector/SequenceDetector.srcs/sources_1/new/Debouncer.vhd:13]
INFO: [Synth 8-256] done synthesizing module 'Debouncer' (0#1) [E:/BrunelUniversity/YR3/EmbeddedSystems/SequenceDetector/SequenceDetector.srcs/sources_1/new/Debouncer.vhd:13]
INFO: [Synth 8-3491] module 'Debouncer' declared at 'E:/BrunelUniversity/YR3/EmbeddedSystems/SequenceDetector/SequenceDetector.srcs/sources_1/new/Debouncer.vhd:5' bound to instance 'Debouncer_l' of component 'Debouncer' [E:/BrunelUniversity/YR3/EmbeddedSystems/SequenceDetector/SequenceDetector.srcs/sources_1/new/SequenceDetector.vhd:39]
INFO: [Synth 8-3491] module 'Debouncer' declared at 'E:/BrunelUniversity/YR3/EmbeddedSystems/SequenceDetector/SequenceDetector.srcs/sources_1/new/Debouncer.vhd:5' bound to instance 'Debouncer_u' of component 'Debouncer' [E:/BrunelUniversity/YR3/EmbeddedSystems/SequenceDetector/SequenceDetector.srcs/sources_1/new/SequenceDetector.vhd:40]
INFO: [Synth 8-3491] module 'Debouncer' declared at 'E:/BrunelUniversity/YR3/EmbeddedSystems/SequenceDetector/SequenceDetector.srcs/sources_1/new/Debouncer.vhd:5' bound to instance 'Debouncer_r' of component 'Debouncer' [E:/BrunelUniversity/YR3/EmbeddedSystems/SequenceDetector/SequenceDetector.srcs/sources_1/new/SequenceDetector.vhd:41]
INFO: [Synth 8-3491] module 'Debouncer' declared at 'E:/BrunelUniversity/YR3/EmbeddedSystems/SequenceDetector/SequenceDetector.srcs/sources_1/new/Debouncer.vhd:5' bound to instance 'Debouncer_c' of component 'Debouncer' [E:/BrunelUniversity/YR3/EmbeddedSystems/SequenceDetector/SequenceDetector.srcs/sources_1/new/SequenceDetector.vhd:42]
WARNING: [Synth 8-614] signal 'input_count' is read in the process but is not in the sensitivity list [E:/BrunelUniversity/YR3/EmbeddedSystems/SequenceDetector/SequenceDetector.srcs/sources_1/new/SequenceDetector.vhd:45]
INFO: [Synth 8-256] done synthesizing module 'SequenceDetector' (0#1) [E:/BrunelUniversity/YR3/EmbeddedSystems/SequenceDetector/SequenceDetector.srcs/sources_1/new/SequenceDetector.vhd:16]
---------------------------------------------------------------------------------
Finished RTL Elaboration : Time (s): cpu = 00:00:05 ; elapsed = 00:00:06 . Memory (MB): peak = 1183.133 ; gain = 576.012
---------------------------------------------------------------------------------
---------------------------------------------------------------------------------
Start Handling Custom Attributes
---------------------------------------------------------------------------------
---------------------------------------------------------------------------------
Finished Handling Custom Attributes : Time (s): cpu = 00:00:05 ; elapsed = 00:00:06 . Memory (MB): peak = 1183.133 ; gain = 576.012
---------------------------------------------------------------------------------
---------------------------------------------------------------------------------
Finished RTL Optimization Phase 1 : Time (s): cpu = 00:00:05 ; elapsed = 00:00:06 . Memory (MB): peak = 1183.133 ; gain = 576.012
---------------------------------------------------------------------------------
Netlist sorting complete. Time (s): cpu = 00:00:00 ; elapsed = 00:00:00.001 . Memory (MB): peak = 1183.133 ; gain = 0.000
INFO: [Project 1-570] Preparing netlist for logic optimization

Processing XDC Constraints
Initializing timing engine
Parsing XDC File [E:/BrunelUniversity/YR3/EmbeddedSystems/NexysVideoGeneral.xdc]
Finished Parsing XDC File [E:/BrunelUniversity/YR3/EmbeddedSystems/NexysVideoGeneral.xdc]
INFO: [Project 1-236] Implementation specific constraints were found while reading constraint file [E:/BrunelUniversity/YR3/EmbeddedSystems/NexysVideoGeneral.xdc]. These constraints will be ignored for synthesis but will be used in implementation. Impacted constraints are listed in the file [.Xil/SequenceDetector_propImpl.xdc].
Resolution: To avoid this warning, move constraints listed in [.Xil/SequenceDetector_propImpl.xdc] to another XDC file and exclude this new file from synthesis with the used_in_synthesis property (File Properties dialog in GUI) and re-run elaboration/synthesis.
Completed Processing XDC Constraints

Netlist sorting complete. Time (s): cpu = 00:00:00 ; elapsed = 00:00:00 . Memory (MB): peak = 1256.383 ; gain = 0.000
INFO: [Project 1-111] Unisim Transformation Summary:
No Unisim elements were transformed.

Constraint Validation Runtime : Time (s): cpu = 00:00:00 ; elapsed = 00:00:00.001 . Memory (MB): peak = 1256.383 ; gain = 0.000
INFO: [Designutils 20-5440] No compile time benefit to using incremental synthesis; A full resynthesis will be run
INFO: [Designutils 20-4379] Flow is switching to default flow due to incremental criteria not met. If you would like to alter this behaviour and have the flow terminate instead, please set the following parameter config_implementation {autoIncr.Synth.RejectBehavior Terminate}
---------------------------------------------------------------------------------
Finished Constraint Validation : Time (s): cpu = 00:00:11 ; elapsed = 00:00:13 . Memory (MB): peak = 1256.383 ; gain = 649.262
---------------------------------------------------------------------------------
---------------------------------------------------------------------------------
Start Loading Part and Timing Information
---------------------------------------------------------------------------------
Loading part: xc7a200tsbg484-1
---------------------------------------------------------------------------------
Finished Loading Part and Timing Information : Time (s): cpu = 00:00:11 ; elapsed = 00:00:13 . Memory (MB): peak = 1256.383 ; gain = 649.262
---------------------------------------------------------------------------------
---------------------------------------------------------------------------------
Start Applying 'set_property' XDC Constraints
---------------------------------------------------------------------------------
---------------------------------------------------------------------------------
Finished applying 'set_property' XDC Constraints : Time (s): cpu = 00:00:11 ; elapsed = 00:00:13 . Memory (MB): peak = 1256.383 ; gain = 649.262
---------------------------------------------------------------------------------
---------------------------------------------------------------------------------
Finished RTL Optimization Phase 2 : Time (s): cpu = 00:00:11 ; elapsed = 00:00:13 . Memory (MB): peak = 1256.383 ; gain = 649.262
---------------------------------------------------------------------------------
---------------------------------------------------------------------------------
Start RTL Component Statistics 
---------------------------------------------------------------------------------
Detailed RTL Component Info : 
+---Adders : 
	   2 Input   23 Bit       Adders := 1     
	   2 Input    4 Bit       Adders := 1     
+---Registers : 
	               23 Bit    Registers := 1     
	                8 Bit    Registers := 1     
	                4 Bit    Registers := 1     
	                3 Bit    Registers := 2     
	                1 Bit    Registers := 23    
+---Muxes : 
	   4 Input    8 Bit        Muxes := 1     
	   2 Input    3 Bit        Muxes := 1     
	   2 Input    2 Bit        Muxes := 2     
	   6 Input    1 Bit        Muxes := 2     
	   2 Input    1 Bit        Muxes := 2     
---------------------------------------------------------------------------------
Finished RTL Component Statistics 
---------------------------------------------------------------------------------
---------------------------------------------------------------------------------
Start Part Resource Summary
---------------------------------------------------------------------------------
Part Resources:
DSPs: 740 (col length:100)
BRAMs: 730 (col length: RAMB18 100 RAMB36 50)
---------------------------------------------------------------------------------
Finished Part Resource Summary
---------------------------------------------------------------------------------
---------------------------------------------------------------------------------
Start Cross Boundary and Area Optimization
---------------------------------------------------------------------------------
WARNING: [Synth 8-7080] Parallel synthesis criteria is not met
---------------------------------------------------------------------------------
Finished Cross Boundary and Area Optimization : Time (s): cpu = 00:00:13 ; elapsed = 00:00:15 . Memory (MB): peak = 1256.383 ; gain = 649.262
---------------------------------------------------------------------------------
---------------------------------------------------------------------------------
Start Applying XDC Timing Constraints
---------------------------------------------------------------------------------
---------------------------------------------------------------------------------
Finished Applying XDC Timing Constraints : Time (s): cpu = 00:00:19 ; elapsed = 00:00:21 . Memory (MB): peak = 1379.797 ; gain = 772.676
---------------------------------------------------------------------------------
---------------------------------------------------------------------------------
Start Timing Optimization
---------------------------------------------------------------------------------
---------------------------------------------------------------------------------
Finished Timing Optimization : Time (s): cpu = 00:00:19 ; elapsed = 00:00:21 . Memory (MB): peak = 1399.156 ; gain = 792.035
---------------------------------------------------------------------------------
---------------------------------------------------------------------------------
Start Technology Mapping
---------------------------------------------------------------------------------
---------------------------------------------------------------------------------
Finished Technology Mapping : Time (s): cpu = 00:00:19 ; elapsed = 00:00:21 . Memory (MB): peak = 1399.930 ; gain = 792.809
---------------------------------------------------------------------------------
---------------------------------------------------------------------------------
Start IO Insertion
---------------------------------------------------------------------------------
---------------------------------------------------------------------------------
Start Flattening Before IO Insertion
---------------------------------------------------------------------------------
---------------------------------------------------------------------------------
Finished Flattening Before IO Insertion
---------------------------------------------------------------------------------
---------------------------------------------------------------------------------
Start Final Netlist Cleanup
---------------------------------------------------------------------------------
---------------------------------------------------------------------------------
Finished Final Netlist Cleanup
---------------------------------------------------------------------------------
---------------------------------------------------------------------------------
Finished IO Insertion : Time (s): cpu = 00:00:23 ; elapsed = 00:00:25 . Memory (MB): peak = 1606.371 ; gain = 999.250
---------------------------------------------------------------------------------
---------------------------------------------------------------------------------
Start Renaming Generated Instances
---------------------------------------------------------------------------------
---------------------------------------------------------------------------------
Finished Renaming Generated Instances : Time (s): cpu = 00:00:23 ; elapsed = 00:00:25 . Memory (MB): peak = 1606.371 ; gain = 999.250
---------------------------------------------------------------------------------
---------------------------------------------------------------------------------
Start Rebuilding User Hierarchy
---------------------------------------------------------------------------------
---------------------------------------------------------------------------------
Finished Rebuilding User Hierarchy : Time (s): cpu = 00:00:23 ; elapsed = 00:00:25 . Memory (MB): peak = 1606.371 ; gain = 999.250
---------------------------------------------------------------------------------
---------------------------------------------------------------------------------
Start Renaming Generated Ports
---------------------------------------------------------------------------------
---------------------------------------------------------------------------------
Finished Renaming Generated Ports : Time (s): cpu = 00:00:23 ; elapsed = 00:00:25 . Memory (MB): peak = 1606.371 ; gain = 999.250
---------------------------------------------------------------------------------
---------------------------------------------------------------------------------
Start Handling Custom Attributes
---------------------------------------------------------------------------------
---------------------------------------------------------------------------------
Finished Handling Custom Attributes : Time (s): cpu = 00:00:23 ; elapsed = 00:00:25 . Memory (MB): peak = 1606.371 ; gain = 999.250
---------------------------------------------------------------------------------
---------------------------------------------------------------------------------
Start Renaming Generated Nets
---------------------------------------------------------------------------------
---------------------------------------------------------------------------------
Finished Renaming Generated Nets : Time (s): cpu = 00:00:23 ; elapsed = 00:00:25 . Memory (MB): peak = 1606.371 ; gain = 999.250
---------------------------------------------------------------------------------
---------------------------------------------------------------------------------
Start Writing Synthesis Report
---------------------------------------------------------------------------------

Report BlackBoxes: 
+-+--------------+----------+
| |BlackBox name |Instances |
+-+--------------+----------+
+-+--------------+----------+

Report Cell Usage: 
+------+-------+------+
|      |Cell   |Count |
+------+-------+------+
|1     |BUFG   |     2|
|2     |CARRY4 |     6|
|3     |LUT1   |     3|
|4     |LUT2   |     7|
|5     |LUT3   |     2|
|6     |LUT4   |     6|
|7     |LUT5   |     7|
|8     |LUT6   |     8|
|9     |FDCE   |    13|
|10    |FDRE   |    45|
|11    |IBUF   |     6|
|12    |OBUF   |     8|
+------+-------+------+
---------------------------------------------------------------------------------
Finished Writing Synthesis Report : Time (s): cpu = 00:00:23 ; elapsed = 00:00:25 . Memory (MB): peak = 1606.371 ; gain = 999.250
---------------------------------------------------------------------------------
Synthesis finished with 0 errors, 0 critical warnings and 1 warnings.
Synthesis Optimization Runtime : Time (s): cpu = 00:00:16 ; elapsed = 00:00:24 . Memory (MB): peak = 1606.371 ; gain = 926.000
Synthesis Optimization Complete : Time (s): cpu = 00:00:23 ; elapsed = 00:00:26 . Memory (MB): peak = 1606.371 ; gain = 999.250
INFO: [Project 1-571] Translating synthesized netlist
Netlist sorting complete. Time (s): cpu = 00:00:00 ; elapsed = 00:00:00 . Memory (MB): peak = 1606.371 ; gain = 0.000
INFO: [Netlist 29-17] Analyzing 6 Unisim elements for replacement
INFO: [Netlist 29-28] Unisim Transformation completed in 0 CPU seconds
INFO: [Project 1-570] Preparing netlist for logic optimization
INFO: [Opt 31-138] Pushed 0 inverter(s) to 0 load pin(s).
Netlist sorting complete. Time (s): cpu = 00:00:00 ; elapsed = 00:00:00 . Memory (MB): peak = 1606.371 ; gain = 0.000
INFO: [Project 1-111] Unisim Transformation Summary:
No Unisim elements were transformed.

Synth Design complete | Checksum: a78b0466
INFO: [Common 17-83] Releasing license: Synthesis
33 Infos, 2 Warnings, 0 Critical Warnings and 0 Errors encountered.
synth_design completed successfully
synth_design: Time (s): cpu = 00:00:29 ; elapsed = 00:00:33 . Memory (MB): peak = 1606.371 ; gain = 1236.312
Write ShapeDB Complete: Time (s): cpu = 00:00:00 ; elapsed = 00:00:00.001 . Memory (MB): peak = 1606.371 ; gain = 0.000
INFO: [Common 17-1381] The checkpoint 'E:/BrunelUniversity/YR3/EmbeddedSystems/SequenceDetector/SequenceDetector.runs/synth_1/SequenceDetector.dcp' has been generated.
INFO: [Vivado 12-24828] Executing command : report_utilization -file SequenceDetector_utilization_synth.rpt -pb SequenceDetector_utilization_synth.pb
INFO: [Common 17-206] Exiting Vivado at Wed Dec 11 12:07:25 2024...
